<?xml version="1.0" encoding="UTF-8"?>
<testsuite name="com.quantitymeasurement.QuantityTest" tests="1" skipped="0" failures="0" errors="0" timestamp="2020-04-06T13:14:26" hostname="DESKTOP-JO60R0Q" time="0.002">
  <properties/>
  <testcase name="givenType_WhenEqual_ShouldReturnTrue" classname="com.quantitymeasurement.QuantityTest" time="0.002"/>
  <system-out><![CDATA[]]></system-out>
  <system-err><![CDATA[]]></system-err>
</testsuite>
